<?xml version="1.0" encoding="UTF-8"?>
<!-- Generated by org.testng.reporters.JUnitXMLReporter -->
<testsuite ignored="0" hostname="LULU" failures="0" tests="5" name="Command line test" time="43.726" errors="0" timestamp="2021-12-13T01:35:54 GMT">
  <testcase classname="SeleniumWebSignupTest" name="positiveSignup" time="6.036"/>
  <testcase classname="SeleniumWebSignupTest" name="clickUser1Item" time="1.126"/>
  <testcase classname="SeleniumWebSignupTest" name="logoutSuccesfully" time="5.475"/>
  <testcase classname="SeleniumWebSignupTest" name="negativeSignupUsername" time="10.892"/>
  <testcase classname="SeleniumWebSignupTest" name="negativeSignupEmail" time="5.574"/>
</testsuite> <!-- Command line test -->
