<?xml version="1.0" encoding="UTF-8"?>
<testng-results ignored="0" total="5" passed="5" failed="0" skipped="0">
  <reporter-output>
  </reporter-output>
  <suite started-at="2021-12-13T01:35:10 GMT" name="SeleniumWebSignupTest" finished-at="2021-12-13T01:35:54 GMT" duration-ms="43726">
    <groups>
    </groups>
    <test started-at="2021-12-13T01:35:10 GMT" name="Command line test" finished-at="2021-12-13T01:35:54 GMT" duration-ms="43726">
      <class name="SeleniumWebSignupTest">
        <test-method is-config="true" signature="start()[pri:0, instance:SeleniumWebSignupTest@5c1a8622]" started-at="2021-12-13T01:35:10 GMT" name="start" finished-at="2021-12-13T01:35:25 GMT" duration-ms="14181" status="PASS">
          <reporter-output>
          </reporter-output>
        </test-method> <!-- start -->
        <test-method signature="positiveSignup()[pri:0, instance:SeleniumWebSignupTest@5c1a8622]" started-at="2021-12-13T01:35:25 GMT" name="positiveSignup" finished-at="2021-12-13T01:35:31 GMT" duration-ms="6036" status="PASS">
          <reporter-output>
          </reporter-output>
        </test-method> <!-- positiveSignup -->
        <test-method signature="clickUser1Item()[pri:1, instance:SeleniumWebSignupTest@5c1a8622]" started-at="2021-12-13T01:35:31 GMT" name="clickUser1Item" finished-at="2021-12-13T01:35:32 GMT" duration-ms="1126" status="PASS">
          <reporter-output>
          </reporter-output>
        </test-method> <!-- clickUser1Item -->
        <test-method signature="logoutSuccesfully()[pri:2, instance:SeleniumWebSignupTest@5c1a8622]" started-at="2021-12-13T01:35:32 GMT" name="logoutSuccesfully" finished-at="2021-12-13T01:35:37 GMT" duration-ms="5475" status="PASS">
          <reporter-output>
          </reporter-output>
        </test-method> <!-- logoutSuccesfully -->
        <test-method signature="negativeSignupUsername()[pri:3, instance:SeleniumWebSignupTest@5c1a8622]" started-at="2021-12-13T01:35:37 GMT" name="negativeSignupUsername" finished-at="2021-12-13T01:35:48 GMT" duration-ms="10892" status="PASS">
          <reporter-output>
          </reporter-output>
        </test-method> <!-- negativeSignupUsername -->
        <test-method signature="negativeSignupEmail()[pri:4, instance:SeleniumWebSignupTest@5c1a8622]" started-at="2021-12-13T01:35:48 GMT" name="negativeSignupEmail" finished-at="2021-12-13T01:35:54 GMT" duration-ms="5574" status="PASS">
          <reporter-output>
          </reporter-output>
        </test-method> <!-- negativeSignupEmail -->
        <test-method is-config="true" signature="stopTest()[pri:0, instance:SeleniumWebSignupTest@5c1a8622]" started-at="2021-12-13T01:35:54 GMT" name="stopTest" finished-at="2021-12-13T01:35:54 GMT" duration-ms="359" status="PASS">
          <reporter-output>
          </reporter-output>
        </test-method> <!-- stopTest -->
      </class> <!-- SeleniumWebSignupTest -->
    </test> <!-- Command line test -->
  </suite> <!-- SeleniumWebSignupTest -->
</testng-results>
